<?xml version="1.0" encoding="UTF-8"?>
<!-- Generated by org.testng.reporters.JUnitXMLReporter -->
<testsuite ignored="0" hostname="LAPTOP-0062FF7B" failures="0" tests="5" name="Test" time="0.12" errors="0" timestamp="2022-08-02T16:19:40 IST">
  <testcase classname="scripts.Test1" name="tc1" time="0.017"/>
  <testcase classname="scripts.Test2" name="tc2" time="0.002"/>
  <testcase classname="scripts.Test3" name="tc3" time="0.002"/>
  <testcase classname="scripts.Test4" name="tc4" time="0.002"/>
  <testcase classname="scripts.Test5" name="tc5" time="0.002"/>
</testsuite> <!-- Test -->
