<?xml version="1.0" encoding="UTF-8"?>
<testng-results ignored="0" total="5" passed="5" failed="0" skipped="0">
  <reporter-output>
    <line>
      <![CDATA[Hello Java]]>
    </line>
    <line>
      <![CDATA[Hello Selenium]]>
    </line>
    <line>
      <![CDATA[Hello Python]]>
    </line>
    <line>
      <![CDATA[Hello Ruby]]>
    </line>
    <line>
      <![CDATA[Hello Pearl]]>
    </line>
  </reporter-output>
  <suite started-at="2022-08-02T16:19:40 IST" name="Suite" finished-at="2022-08-02T16:19:40 IST" duration-ms="120">
    <groups>
    </groups>
    <test started-at="2022-08-02T16:19:40 IST" name="Test" finished-at="2022-08-02T16:19:40 IST" duration-ms="120">
      <class name="scripts.Test1">
        <test-method signature="tc1()[pri:0, instance:scripts.Test1@cad498c]" started-at="2022-08-02T16:19:40 IST" name="tc1" finished-at="2022-08-02T16:19:40 IST" duration-ms="17" status="PASS">
          <reporter-output>
            <line>
              <![CDATA[Hello Java]]>
            </line>
          </reporter-output>
        </test-method> <!-- tc1 -->
      </class> <!-- scripts.Test1 -->
      <class name="scripts.Test3">
        <test-method signature="tc3()[pri:0, instance:scripts.Test3@932bc4a]" started-at="2022-08-02T16:19:40 IST" name="tc3" finished-at="2022-08-02T16:19:40 IST" duration-ms="2" status="PASS">
          <reporter-output>
            <line>
              <![CDATA[Hello Python]]>
            </line>
          </reporter-output>
        </test-method> <!-- tc3 -->
      </class> <!-- scripts.Test3 -->
      <class name="scripts.Test2">
        <test-method signature="tc2()[pri:0, instance:scripts.Test2@6bedbc4d]" started-at="2022-08-02T16:19:40 IST" name="tc2" finished-at="2022-08-02T16:19:40 IST" duration-ms="2" status="PASS">
          <reporter-output>
            <line>
              <![CDATA[Hello Selenium]]>
            </line>
          </reporter-output>
        </test-method> <!-- tc2 -->
      </class> <!-- scripts.Test2 -->
      <class name="scripts.Test5">
        <test-method signature="tc5()[pri:0, instance:scripts.Test5@2fd1433e]" started-at="2022-08-02T16:19:40 IST" name="tc5" finished-at="2022-08-02T16:19:40 IST" duration-ms="2" status="PASS">
          <reporter-output>
            <line>
              <![CDATA[Hello Pearl]]>
            </line>
          </reporter-output>
        </test-method> <!-- tc5 -->
      </class> <!-- scripts.Test5 -->
      <class name="scripts.Test4">
        <test-method signature="tc4()[pri:0, instance:scripts.Test4@d29f28]" started-at="2022-08-02T16:19:40 IST" name="tc4" finished-at="2022-08-02T16:19:40 IST" duration-ms="2" status="PASS">
          <reporter-output>
            <line>
              <![CDATA[Hello Ruby]]>
            </line>
          </reporter-output>
        </test-method> <!-- tc4 -->
      </class> <!-- scripts.Test4 -->
    </test> <!-- Test -->
  </suite> <!-- Suite -->
</testng-results>
